2015-04-24 14:58:59,136 [main] ERROR o.e.m.c.i.p.r.ProjectRegistryReader - Can't write workspace state
java.io.FileNotFoundException: /Users/linshengyi/Desktop/MPL/.metadata/.plugins/org.eclipse.m2e.core/workspaceState.ser (No such file or directory)
	at java.io.FileOutputStream.open0(Native Method) ~[na:1.8.0_45]
	at java.io.FileOutputStream.open(FileOutputStream.java:270) ~[na:1.8.0_45]
	at java.io.FileOutputStream.<init>(FileOutputStream.java:213) ~[na:1.8.0_45]
	at java.io.FileOutputStream.<init>(FileOutputStream.java:162) ~[na:1.8.0_45]
	at org.eclipse.m2e.core.internal.project.registry.ProjectRegistryReader.writeWorkspaceState(ProjectRegistryReader.java:127) ~[org.eclipse.m2e.core_1.4.0.20130601-0317.jar:na]
	at org.eclipse.m2e.core.internal.project.registry.ProjectRegistryManager.writeWorkspaceState(ProjectRegistryManager.java:870) [org.eclipse.m2e.core_1.4.0.20130601-0317.jar:na]
	at org.eclipse.m2e.core.internal.MavenPluginActivator.stop(MavenPluginActivator.java:274) [org.eclipse.m2e.core_1.4.0.20130601-0317.jar:na]
	at org.eclipse.osgi.framework.internal.core.BundleContextImpl$2.run(BundleContextImpl.java:771) [org.eclipse.osgi_3.9.0.v20130529-1710.jar:na]
	at java.security.AccessController.doPrivileged(Native Method) [na:1.8.0_45]
	at org.eclipse.osgi.framework.internal.core.BundleContextImpl.stop(BundleContextImpl.java:764) [org.eclipse.osgi_3.9.0.v20130529-1710.jar:na]
	at org.eclipse.osgi.framework.internal.core.BundleHost.stopWorker(BundleHost.java:510) [org.eclipse.osgi_3.9.0.v20130529-1710.jar:na]
	at org.eclipse.osgi.framework.internal.core.AbstractBundle.suspend(AbstractBundle.java:566) [org.eclipse.osgi_3.9.0.v20130529-1710.jar:na]
	at org.eclipse.osgi.framework.internal.core.Framework.suspendBundle(Framework.java:1206) [org.eclipse.osgi_3.9.0.v20130529-1710.jar:na]
	at org.eclipse.osgi.framework.internal.core.StartLevelManager.decFWSL(StartLevelManager.java:592) [org.eclipse.osgi_3.9.0.v20130529-1710.jar:na]
	at org.eclipse.osgi.framework.internal.core.StartLevelManager.doSetStartLevel(StartLevelManager.java:257) [org.eclipse.osgi_3.9.0.v20130529-1710.jar:na]
	at org.eclipse.osgi.framework.internal.core.StartLevelManager.shutdown(StartLevelManager.java:215) [org.eclipse.osgi_3.9.0.v20130529-1710.jar:na]
	at org.eclipse.osgi.framework.internal.core.InternalSystemBundle.suspend(InternalSystemBundle.java:284) [org.eclipse.osgi_3.9.0.v20130529-1710.jar:na]
	at org.eclipse.osgi.framework.internal.core.Framework.shutdown(Framework.java:692) [org.eclipse.osgi_3.9.0.v20130529-1710.jar:na]
	at org.eclipse.osgi.framework.internal.core.Framework.close(Framework.java:600) [org.eclipse.osgi_3.9.0.v20130529-1710.jar:na]
	at org.eclipse.core.runtime.adaptor.EclipseStarter.shutdown(EclipseStarter.java:400) [org.eclipse.osgi_3.9.0.v20130529-1710.jar:na]
	at org.eclipse.core.runtime.adaptor.EclipseStarter.run(EclipseStarter.java:200) [org.eclipse.osgi_3.9.0.v20130529-1710.jar:na]
	at sun.reflect.NativeMethodAccessorImpl.invoke0(Native Method) ~[na:1.8.0_45]
	at sun.reflect.NativeMethodAccessorImpl.invoke(NativeMethodAccessorImpl.java:62) ~[na:1.8.0_45]
	at sun.reflect.DelegatingMethodAccessorImpl.invoke(DelegatingMethodAccessorImpl.java:43) ~[na:1.8.0_45]
	at java.lang.reflect.Method.invoke(Method.java:497) ~[na:1.8.0_45]
	at org.eclipse.equinox.launcher.Main.invokeFramework(Main.java:636) [org.eclipse.equinox.launcher_1.3.0.v20130327-1440.jar:na]
	at org.eclipse.equinox.launcher.Main.basicRun(Main.java:591) [org.eclipse.equinox.launcher_1.3.0.v20130327-1440.jar:na]
	at org.eclipse.equinox.launcher.Main.run(Main.java:1450) [org.eclipse.equinox.launcher_1.3.0.v20130327-1440.jar:na]
